<?xml version="1.0" encoding="UTF-8"?>
<!-- Generated by org.testng.reporters.JUnitReportReporter -->
<testsuite hostname="INLTWS000025" failures="0" tests="1" name="testthread.app" time="0.003" errors="0" timestamp="2021-08-28T16:22:12 IST" skipped="0">
  <testcase classname="testthread.app" name="run" time="0.003"/>
  <system-out/>
</testsuite> <!-- testthread.app -->
