<?xml version="1.0" encoding="UTF-8"?>
<!-- Generated by org.testng.reporters.JUnitReportReporter -->
<testsuite hostname="INLTWS000025" failures="0" tests="1" name="browser.tasks" time="9.958" errors="0" timestamp="2021-08-19T16:46:24 IST" skipped="0">
  <testcase classname="browser.tasks" name="fg" time="9.958"/>
  <system-out/>
</testsuite> <!-- browser.tasks -->
