<?xml version="1.0" encoding="UTF-8"?>
<!-- Generated by org.testng.reporters.JUnitReportReporter -->
<testsuite hostname="INLTWS000025" failures="0" tests="1" name="browser.Formtest" time="40.281" errors="0" timestamp="2021-08-21T21:04:15 IST" skipped="0">
  <testcase classname="browser.Formtest" name="DD" time="40.281"/>
  <system-out/>
</testsuite> <!-- browser.Formtest -->
