<?xml version="1.0" encoding="UTF-8"?>
<!-- Generated by org.testng.reporters.JUnitReportReporter -->
<testsuite hostname="INLTWS000025" failures="0" tests="1" name="testthread.text" time="0.014" errors="0" timestamp="2021-08-28T16:22:12 IST" skipped="0">
  <testcase classname="testthread.text" name="run" time="0.014"/>
  <system-out/>
</testsuite> <!-- testthread.text -->
